<?xml version="1.0" encoding="UTF-8"?>
<!-- Generated by org.testng.reporters.JUnitReportReporter -->
<testsuite hostname="Masud" failures="0" tests="1" name="com.shay.Web_Automation_Baics.MouseHoverExample" time="28.412" errors="0" timestamp="23 Oct 2023 09:29:49 GMT" skipped="0">
  <testcase classname="com.shay.Web_Automation_Baics.MouseHoverExample" name="hoverTest" time="28.412"/>
</testsuite> <!-- com.shay.Web_Automation_Baics.MouseHoverExample -->
