<?xml version="1.0" encoding="UTF-8"?>
<!-- Generated by org.testng.reporters.JUnitReportReporter -->
<testsuite hostname="Masud" failures="0" tests="1" name="com.shay.Web_Automation_Baics.TabWindowIncognitoExample" time="24.067" errors="0" timestamp="30 Oct 2023 00:27:43 GMT" skipped="0">
  <testcase classname="com.shay.Web_Automation_Baics.TabWindowIncognitoExample" name="IncognitoWindowTest" time="24.067"/>
</testsuite> <!-- com.shay.Web_Automation_Baics.TabWindowIncognitoExample -->
