<?xml version="1.0" encoding="UTF-8"?>
<!-- Generated by org.testng.reporters.JUnitReportReporter -->
<testsuite hostname="Masud" failures="0" tests="3" name="com.shay.Web_Automation_Baics.TestNgExample" time="0.018" errors="0" timestamp="21 Oct 2023 06:18:33 GMT" skipped="0">
  <testcase classname="com.shay.Web_Automation_Baics.TestNgExample" name="testz" time="0.009"/>
  <testcase classname="com.shay.Web_Automation_Baics.TestNgExample" name="testa" time="0.003"/>
  <testcase classname="com.shay.Web_Automation_Baics.TestNgExample" name="masud" time="0.006"/>
</testsuite> <!-- com.shay.Web_Automation_Baics.TestNgExample -->
