<?xml version="1.0" encoding="UTF-8"?>
<!-- Generated by org.testng.reporters.JUnitReportReporter -->
<testsuite hostname="Masud" failures="0" tests="1" name="com.shay.Web_Automation_Baics.TabWindowHandleExample" time="34.257" errors="0" timestamp="29 Oct 2023 09:25:50 GMT" skipped="0">
  <testcase classname="com.shay.Web_Automation_Baics.TabWindowHandleExample" name="tabWindowHandleExample" time="34.257"/>
</testsuite> <!-- com.shay.Web_Automation_Baics.TabWindowHandleExample -->
