<?xml version="1.0" encoding="UTF-8"?>
<!-- Generated by org.testng.reporters.JUnitReportReporter -->
<testsuite hostname="Masud" failures="0" tests="1" name="com.shay.Web_Automation_Baics.LocatorExample" time="8.719" errors="0" timestamp="22 Oct 2023 17:01:16 GMT" skipped="0">
  <testcase classname="com.shay.Web_Automation_Baics.LocatorExample" name="locator" time="8.719"/>
</testsuite> <!-- com.shay.Web_Automation_Baics.LocatorExample -->
