<?xml version="1.0" encoding="UTF-8"?>
<!-- Generated by org.testng.reporters.JUnitReportReporter -->
<testsuite hostname="Masud" failures="0" tests="1" name="com.shay.Web_Automation_Baics.CopyPaste" time="12.514" errors="0" timestamp="23 Oct 2023 09:42:44 GMT" skipped="0">
  <testcase classname="com.shay.Web_Automation_Baics.CopyPaste" name="CopyPasteTest" time="12.514"/>
</testsuite> <!-- com.shay.Web_Automation_Baics.CopyPaste -->
