<?xml version="1.0" encoding="UTF-8"?>
<!-- Generated by org.testng.reporters.JUnitReportReporter -->
<testsuite hostname="Masud" failures="0" tests="1" name="com.shay.Web_Automation_Baics.DropDown" time="6.526" errors="0" timestamp="23 Oct 2023 09:59:04 GMT" skipped="0">
  <testcase classname="com.shay.Web_Automation_Baics.DropDown" name="dropDwonTest" time="6.526"/>
</testsuite> <!-- com.shay.Web_Automation_Baics.DropDown -->
